  Processing nano33ble (platform: nordicnrf52; board: nano33ble; framework: arduino)
  --------------------------------------------------------------------------------
  Verbose mode can be enabled via `-v, --verbose` option
  CONFIGURATION: https://docs.platformio.org/page/boards/nordicnrf52/nano33ble.html
  PLATFORM: Nordic nRF52 (9.4.0) > Arduino Nano 33 BLE
  HARDWARE: NRF52840 64MHz, 256KB RAM, 960KB Flash
  DEBUG: Current (blackmagic) External (blackmagic, cmsis-dap, jlink)
  PACKAGES: 
   - framework-arduino-mbed @ 3.1.1 
   - tool-sreccat @ 1.164.0 (1.64) 
   - toolchain-gccarmnoneeabi @ 1.80201.190214 (8.2.1)
  LDF: Library Dependency Finder -> https://bit.ly/configure-pio-ldf
  LDF Modes: Finder ~ chain, Compatibility ~ soft
  Found 37 compatible libraries
  Scanning dependencies...
  No dependencies
  Building in release mode
  Compiling .pio\build\nano33ble\src\main.cpp.o
  Linking .pio\build\nano33ble\firmware.elf
  Building .pio\build\nano33ble\firmware.bin
  Checking size .pio\build\nano33ble\firmware.elf
  Advanced Memory Usage is available via "PlatformIO Home > Project Inspect"
  RAM:   [==        ]  18.2% (used 47816 bytes from 262144 bytes)
  Flash: [==        ]  22.1% (used 217084 bytes from 983040 bytes)
  ========================= [SUCCESS] Took 7.29 seconds =========================
